{"/Users/pedrohenrique/projetos/react-simple-dialogs/src/components/base.tsx": {"path":"/Users/pedrohenrique/projetos/react-simple-dialogs/src/components/base.tsx","all":false,"statementMap":{"0":{"start":{"line":1,"column":0},"end":{"line":1,"column":45}},"1":{"start":{"line":2,"column":0},"end":{"line":2,"column":0}},"2":{"start":{"line":3,"column":0},"end":{"line":3,"column":14}},"3":{"start":{"line":4,"column":0},"end":{"line":4,"column":18}},"4":{"start":{"line":5,"column":0},"end":{"line":5,"column":20}},"5":{"start":{"line":6,"column":0},"end":{"line":6,"column":1}},"6":{"start":{"line":7,"column":0},"end":{"line":7,"column":0}},"7":{"start":{"line":8,"column":0},"end":{"line":8,"column":90}},"8":{"start":{"line":9,"column":0},"end":{"line":9,"column":10}},"9":{"start":{"line":10,"column":0},"end":{"line":10,"column":16}},"10":{"start":{"line":11,"column":0},"end":{"line":11,"column":10}},"11":{"start":{"line":12,"column":0},"end":{"line":12,"column":32}},"12":{"start":{"line":13,"column":0},"end":{"line":13,"column":183}},"13":{"start":{"line":14,"column":0},"end":{"line":14,"column":7}},"14":{"start":{"line":15,"column":0},"end":{"line":15,"column":204}},"15":{"start":{"line":16,"column":0},"end":{"line":16,"column":20}},"16":{"start":{"line":17,"column":0},"end":{"line":17,"column":14}},"17":{"start":{"line":18,"column":0},"end":{"line":18,"column":12}},"18":{"start":{"line":19,"column":0},"end":{"line":19,"column":5}},"19":{"start":{"line":20,"column":0},"end":{"line":20,"column":3}},"20":{"start":{"line":21,"column":0},"end":{"line":21,"column":1}}},"s":{"0":1,"1":1,"2":1,"3":1,"4":1,"5":1,"6":1,"7":1,"8":34,"9":34,"10":28,"11":28,"12":28,"13":28,"14":28,"15":28,"16":28,"17":28,"18":34,"19":34,"20":34},"branchMap":{"0":{"type":"branch","line":8,"loc":{"start":{"line":8,"column":50},"end":{"line":21,"column":1}},"locations":[{"start":{"line":8,"column":50},"end":{"line":21,"column":1}}]},"1":{"type":"branch","line":10,"loc":{"start":{"line":10,"column":4},"end":{"line":18,"column":12}},"locations":[{"start":{"line":10,"column":4},"end":{"line":18,"column":12}}]}},"b":{"0":[34],"1":[28]},"fnMap":{"0":{"name":"Base","decl":{"start":{"line":8,"column":50},"end":{"line":21,"column":1}},"loc":{"start":{"line":8,"column":50},"end":{"line":21,"column":1}},"line":8}},"f":{"0":34}}
,"/Users/pedrohenrique/projetos/react-simple-dialogs/src/components/button.tsx": {"path":"/Users/pedrohenrique/projetos/react-simple-dialogs/src/components/button.tsx","all":false,"statementMap":{"0":{"start":{"line":1,"column":0},"end":{"line":1,"column":65}},"1":{"start":{"line":2,"column":0},"end":{"line":2,"column":67}},"2":{"start":{"line":3,"column":0},"end":{"line":3,"column":0}},"3":{"start":{"line":4,"column":0},"end":{"line":4,"column":27}},"4":{"start":{"line":5,"column":0},"end":{"line":5,"column":224}},"5":{"start":{"line":6,"column":0},"end":{"line":6,"column":3}},"6":{"start":{"line":7,"column":0},"end":{"line":7,"column":15}},"7":{"start":{"line":8,"column":0},"end":{"line":8,"column":15}},"8":{"start":{"line":9,"column":0},"end":{"line":9,"column":76}},"9":{"start":{"line":10,"column":0},"end":{"line":10,"column":64}},"10":{"start":{"line":11,"column":0},"end":{"line":11,"column":8}},"11":{"start":{"line":12,"column":0},"end":{"line":12,"column":6}},"12":{"start":{"line":13,"column":0},"end":{"line":13,"column":4}},"13":{"start":{"line":14,"column":0},"end":{"line":14,"column":1}},"14":{"start":{"line":15,"column":0},"end":{"line":15,"column":0}},"15":{"start":{"line":16,"column":0},"end":{"line":16,"column":90}},"16":{"start":{"line":17,"column":0},"end":{"line":17,"column":0}},"17":{"start":{"line":18,"column":0},"end":{"line":18,"column":100}},"18":{"start":{"line":19,"column":0},"end":{"line":19,"column":50}},"19":{"start":{"line":20,"column":0},"end":{"line":20,"column":0}},"20":{"start":{"line":21,"column":0},"end":{"line":21,"column":10}},"21":{"start":{"line":22,"column":0},"end":{"line":22,"column":70}},"22":{"start":{"line":23,"column":0},"end":{"line":23,"column":16}},"23":{"start":{"line":24,"column":0},"end":{"line":24,"column":13}},"24":{"start":{"line":25,"column":0},"end":{"line":25,"column":3}},"25":{"start":{"line":26,"column":0},"end":{"line":26,"column":1}}},"s":{"0":1,"1":1,"2":1,"3":1,"4":1,"5":1,"6":1,"7":1,"8":1,"9":1,"10":1,"11":1,"12":1,"13":1,"14":1,"15":1,"16":1,"17":1,"18":42,"19":42,"20":42,"21":42,"22":42,"23":42,"24":42,"25":42},"branchMap":{"0":{"type":"branch","line":18,"loc":{"start":{"line":18,"column":52},"end":{"line":26,"column":1}},"locations":[{"start":{"line":18,"column":52},"end":{"line":26,"column":1}}]}},"b":{"0":[42]},"fnMap":{"0":{"name":"Button","decl":{"start":{"line":18,"column":52},"end":{"line":26,"column":1}},"loc":{"start":{"line":18,"column":52},"end":{"line":26,"column":1}},"line":18}},"f":{"0":42}}
,"/Users/pedrohenrique/projetos/react-simple-dialogs/src/components/input.tsx": {"path":"/Users/pedrohenrique/projetos/react-simple-dialogs/src/components/input.tsx","all":false,"statementMap":{"0":{"start":{"line":1,"column":0},"end":{"line":1,"column":47}},"1":{"start":{"line":2,"column":0},"end":{"line":2,"column":0}},"2":{"start":{"line":3,"column":0},"end":{"line":3,"column":14}},"3":{"start":{"line":4,"column":0},"end":{"line":4,"column":15}},"4":{"start":{"line":5,"column":0},"end":{"line":5,"column":14}},"5":{"start":{"line":6,"column":0},"end":{"line":6,"column":21}},"6":{"start":{"line":7,"column":0},"end":{"line":7,"column":41}},"7":{"start":{"line":8,"column":0},"end":{"line":8,"column":0}},"8":{"start":{"line":9,"column":0},"end":{"line":9,"column":76}},"9":{"start":{"line":10,"column":0},"end":{"line":10,"column":10}},"10":{"start":{"line":11,"column":0},"end":{"line":11,"column":32}},"11":{"start":{"line":12,"column":0},"end":{"line":12,"column":96}},"12":{"start":{"line":13,"column":0},"end":{"line":13,"column":15}},"13":{"start":{"line":14,"column":0},"end":{"line":14,"column":14}},"14":{"start":{"line":15,"column":0},"end":{"line":15,"column":0}},"15":{"start":{"line":16,"column":0},"end":{"line":16,"column":12}},"16":{"start":{"line":17,"column":0},"end":{"line":17,"column":27}},"17":{"start":{"line":18,"column":0},"end":{"line":18,"column":17}},"18":{"start":{"line":19,"column":0},"end":{"line":19,"column":19}},"19":{"start":{"line":20,"column":0},"end":{"line":20,"column":32}},"20":{"start":{"line":21,"column":0},"end":{"line":21,"column":165}},"21":{"start":{"line":22,"column":0},"end":{"line":22,"column":8}},"22":{"start":{"line":23,"column":0},"end":{"line":23,"column":10}},"23":{"start":{"line":24,"column":0},"end":{"line":24,"column":3}},"24":{"start":{"line":25,"column":0},"end":{"line":25,"column":1}}},"s":{"0":1,"1":1,"2":1,"3":1,"4":1,"5":1,"6":1,"7":1,"8":1,"9":10,"10":10,"11":10,"12":10,"13":10,"14":10,"15":10,"16":10,"17":10,"18":10,"19":10,"20":10,"21":10,"22":10,"23":10,"24":10},"branchMap":{"0":{"type":"branch","line":9,"loc":{"start":{"line":9,"column":32},"end":{"line":25,"column":1}},"locations":[{"start":{"line":9,"column":32},"end":{"line":25,"column":1}}]}},"b":{"0":[10]},"fnMap":{"0":{"name":"Input","decl":{"start":{"line":9,"column":32},"end":{"line":25,"column":1}},"loc":{"start":{"line":9,"column":32},"end":{"line":25,"column":1}},"line":9}},"f":{"0":10}}
,"/Users/pedrohenrique/projetos/react-simple-dialogs/src/components/dialogs/alert.tsx": {"path":"/Users/pedrohenrique/projetos/react-simple-dialogs/src/components/dialogs/alert.tsx","all":false,"statementMap":{"0":{"start":{"line":1,"column":0},"end":{"line":1,"column":36}},"1":{"start":{"line":2,"column":0},"end":{"line":2,"column":30}},"2":{"start":{"line":3,"column":0},"end":{"line":3,"column":34}},"3":{"start":{"line":4,"column":0},"end":{"line":4,"column":0}},"4":{"start":{"line":5,"column":0},"end":{"line":5,"column":14}},"5":{"start":{"line":6,"column":0},"end":{"line":6,"column":17}},"6":{"start":{"line":7,"column":0},"end":{"line":7,"column":15}},"7":{"start":{"line":8,"column":0},"end":{"line":8,"column":20}},"8":{"start":{"line":9,"column":0},"end":{"line":9,"column":21}},"9":{"start":{"line":10,"column":0},"end":{"line":10,"column":1}},"10":{"start":{"line":11,"column":0},"end":{"line":11,"column":0}},"11":{"start":{"line":12,"column":0},"end":{"line":12,"column":78}},"12":{"start":{"line":13,"column":0},"end":{"line":13,"column":44}},"13":{"start":{"line":14,"column":0},"end":{"line":14,"column":0}},"14":{"start":{"line":15,"column":0},"end":{"line":15,"column":29}},"15":{"start":{"line":16,"column":0},"end":{"line":16,"column":20}},"16":{"start":{"line":17,"column":0},"end":{"line":17,"column":13}},"17":{"start":{"line":18,"column":0},"end":{"line":18,"column":3}},"18":{"start":{"line":19,"column":0},"end":{"line":19,"column":0}},"19":{"start":{"line":20,"column":0},"end":{"line":20,"column":10}},"20":{"start":{"line":21,"column":0},"end":{"line":21,"column":53}},"21":{"start":{"line":22,"column":0},"end":{"line":22,"column":66}},"22":{"start":{"line":23,"column":0},"end":{"line":23,"column":86}},"23":{"start":{"line":24,"column":0},"end":{"line":24,"column":70}},"24":{"start":{"line":25,"column":0},"end":{"line":25,"column":12}},"25":{"start":{"line":26,"column":0},"end":{"line":26,"column":0}},"26":{"start":{"line":27,"column":0},"end":{"line":27,"column":65}},"27":{"start":{"line":28,"column":0},"end":{"line":28,"column":0}},"28":{"start":{"line":29,"column":0},"end":{"line":29,"column":57}},"29":{"start":{"line":30,"column":0},"end":{"line":30,"column":11}},"30":{"start":{"line":31,"column":0},"end":{"line":31,"column":3}},"31":{"start":{"line":32,"column":0},"end":{"line":32,"column":1}}},"s":{"0":1,"1":1,"2":1,"3":1,"4":1,"5":1,"6":1,"7":1,"8":1,"9":1,"10":1,"11":1,"12":7,"13":7,"14":7,"15":2,"16":2,"17":2,"18":7,"19":7,"20":7,"21":7,"22":7,"23":7,"24":7,"25":7,"26":7,"27":7,"28":7,"29":7,"30":7,"31":7},"branchMap":{"0":{"type":"branch","line":12,"loc":{"start":{"line":12,"column":32},"end":{"line":32,"column":1}},"locations":[{"start":{"line":12,"column":32},"end":{"line":32,"column":1}}]},"1":{"type":"branch","line":15,"loc":{"start":{"line":15,"column":22},"end":{"line":18,"column":3}},"locations":[{"start":{"line":15,"column":22},"end":{"line":18,"column":3}}]}},"b":{"0":[7],"1":[2]},"fnMap":{"0":{"name":"Alert","decl":{"start":{"line":12,"column":32},"end":{"line":32,"column":1}},"loc":{"start":{"line":12,"column":32},"end":{"line":32,"column":1}},"line":12},"1":{"name":"handleClose","decl":{"start":{"line":15,"column":22},"end":{"line":18,"column":3}},"loc":{"start":{"line":15,"column":22},"end":{"line":18,"column":3}},"line":15}},"f":{"0":7,"1":2}}
,"/Users/pedrohenrique/projetos/react-simple-dialogs/src/components/dialogs/confirmation.tsx": {"path":"/Users/pedrohenrique/projetos/react-simple-dialogs/src/components/dialogs/confirmation.tsx","all":false,"statementMap":{"0":{"start":{"line":1,"column":0},"end":{"line":1,"column":36}},"1":{"start":{"line":2,"column":0},"end":{"line":2,"column":30}},"2":{"start":{"line":3,"column":0},"end":{"line":3,"column":34}},"3":{"start":{"line":4,"column":0},"end":{"line":4,"column":0}},"4":{"start":{"line":5,"column":0},"end":{"line":5,"column":14}},"5":{"start":{"line":6,"column":0},"end":{"line":6,"column":17}},"6":{"start":{"line":7,"column":0},"end":{"line":7,"column":16}},"7":{"start":{"line":8,"column":0},"end":{"line":8,"column":21}},"8":{"start":{"line":9,"column":0},"end":{"line":9,"column":22}},"9":{"start":{"line":10,"column":0},"end":{"line":10,"column":35}},"10":{"start":{"line":11,"column":0},"end":{"line":11,"column":1}},"11":{"start":{"line":12,"column":0},"end":{"line":12,"column":0}},"12":{"start":{"line":13,"column":0},"end":{"line":13,"column":100}},"13":{"start":{"line":14,"column":0},"end":{"line":14,"column":44}},"14":{"start":{"line":15,"column":0},"end":{"line":15,"column":0}},"15":{"start":{"line":16,"column":0},"end":{"line":16,"column":43}},"16":{"start":{"line":17,"column":0},"end":{"line":17,"column":18}},"17":{"start":{"line":18,"column":0},"end":{"line":18,"column":20}},"18":{"start":{"line":19,"column":0},"end":{"line":19,"column":3}},"19":{"start":{"line":20,"column":0},"end":{"line":20,"column":0}},"20":{"start":{"line":21,"column":0},"end":{"line":21,"column":10}},"21":{"start":{"line":22,"column":0},"end":{"line":22,"column":60}},"22":{"start":{"line":23,"column":0},"end":{"line":23,"column":66}},"23":{"start":{"line":24,"column":0},"end":{"line":24,"column":86}},"24":{"start":{"line":25,"column":0},"end":{"line":25,"column":70}},"25":{"start":{"line":26,"column":0},"end":{"line":26,"column":12}},"26":{"start":{"line":27,"column":0},"end":{"line":27,"column":0}},"27":{"start":{"line":28,"column":0},"end":{"line":28,"column":65}},"28":{"start":{"line":29,"column":0},"end":{"line":29,"column":0}},"29":{"start":{"line":30,"column":0},"end":{"line":30,"column":42}},"30":{"start":{"line":31,"column":0},"end":{"line":31,"column":73}},"31":{"start":{"line":32,"column":0},"end":{"line":32,"column":0}},"32":{"start":{"line":33,"column":0},"end":{"line":33,"column":66}},"33":{"start":{"line":34,"column":0},"end":{"line":34,"column":23}},"34":{"start":{"line":35,"column":0},"end":{"line":35,"column":17}},"35":{"start":{"line":36,"column":0},"end":{"line":36,"column":12}},"36":{"start":{"line":37,"column":0},"end":{"line":37,"column":11}},"37":{"start":{"line":38,"column":0},"end":{"line":38,"column":3}},"38":{"start":{"line":39,"column":0},"end":{"line":39,"column":1}}},"s":{"0":1,"1":1,"2":1,"3":1,"4":1,"5":1,"6":1,"7":1,"8":1,"9":1,"10":1,"11":1,"12":1,"13":10,"14":10,"15":10,"16":4,"17":4,"18":4,"19":10,"20":10,"21":10,"22":10,"23":10,"24":10,"25":10,"26":10,"27":10,"28":10,"29":10,"30":10,"31":10,"32":10,"33":10,"34":10,"35":10,"36":10,"37":10,"38":10},"branchMap":{"0":{"type":"branch","line":13,"loc":{"start":{"line":13,"column":39},"end":{"line":39,"column":1}},"locations":[{"start":{"line":13,"column":39},"end":{"line":39,"column":1}}]},"1":{"type":"branch","line":16,"loc":{"start":{"line":16,"column":22},"end":{"line":19,"column":3}},"locations":[{"start":{"line":16,"column":22},"end":{"line":19,"column":3}}]},"2":{"type":"branch","line":31,"loc":{"start":{"line":31,"column":25},"end":{"line":31,"column":51}},"locations":[{"start":{"line":31,"column":25},"end":{"line":31,"column":51}}]},"3":{"type":"branch","line":33,"loc":{"start":{"line":33,"column":25},"end":{"line":33,"column":51}},"locations":[{"start":{"line":33,"column":25},"end":{"line":33,"column":51}}]}},"b":{"0":[10],"1":[4],"2":[2],"3":[2]},"fnMap":{"0":{"name":"Confirmation","decl":{"start":{"line":13,"column":39},"end":{"line":39,"column":1}},"loc":{"start":{"line":13,"column":39},"end":{"line":39,"column":1}},"line":13},"1":{"name":"handleClose","decl":{"start":{"line":16,"column":22},"end":{"line":19,"column":3}},"loc":{"start":{"line":16,"column":22},"end":{"line":19,"column":3}},"line":16},"2":{"name":"onClick","decl":{"start":{"line":31,"column":25},"end":{"line":31,"column":51}},"loc":{"start":{"line":31,"column":25},"end":{"line":31,"column":51}},"line":31},"3":{"name":"onClick","decl":{"start":{"line":33,"column":25},"end":{"line":33,"column":51}},"loc":{"start":{"line":33,"column":25},"end":{"line":33,"column":51}},"line":33}},"f":{"0":10,"1":4,"2":2,"3":2}}
,"/Users/pedrohenrique/projetos/react-simple-dialogs/src/components/dialogs/modal.tsx": {"path":"/Users/pedrohenrique/projetos/react-simple-dialogs/src/components/dialogs/modal.tsx","all":false,"statementMap":{"0":{"start":{"line":1,"column":0},"end":{"line":1,"column":50}},"1":{"start":{"line":2,"column":0},"end":{"line":2,"column":30}},"2":{"start":{"line":3,"column":0},"end":{"line":3,"column":0}},"3":{"start":{"line":4,"column":0},"end":{"line":4,"column":14}},"4":{"start":{"line":5,"column":0},"end":{"line":5,"column":49}},"5":{"start":{"line":6,"column":0},"end":{"line":6,"column":21}},"6":{"start":{"line":7,"column":0},"end":{"line":7,"column":1}},"7":{"start":{"line":8,"column":0},"end":{"line":8,"column":0}},"8":{"start":{"line":9,"column":0},"end":{"line":9,"column":60}},"9":{"start":{"line":10,"column":0},"end":{"line":10,"column":44}},"10":{"start":{"line":11,"column":0},"end":{"line":11,"column":0}},"11":{"start":{"line":12,"column":0},"end":{"line":12,"column":29}},"12":{"start":{"line":13,"column":0},"end":{"line":13,"column":20}},"13":{"start":{"line":14,"column":0},"end":{"line":14,"column":13}},"14":{"start":{"line":15,"column":0},"end":{"line":15,"column":3}},"15":{"start":{"line":16,"column":0},"end":{"line":16,"column":0}},"16":{"start":{"line":17,"column":0},"end":{"line":17,"column":10}},"17":{"start":{"line":18,"column":0},"end":{"line":18,"column":53}},"18":{"start":{"line":19,"column":0},"end":{"line":19,"column":29}},"19":{"start":{"line":20,"column":0},"end":{"line":20,"column":11}},"20":{"start":{"line":21,"column":0},"end":{"line":21,"column":3}},"21":{"start":{"line":22,"column":0},"end":{"line":22,"column":1}}},"s":{"0":1,"1":1,"2":1,"3":1,"4":1,"5":1,"6":1,"7":1,"8":1,"9":5,"10":5,"11":5,"12":2,"13":2,"14":2,"15":5,"16":5,"17":5,"18":5,"19":5,"20":5,"21":5},"branchMap":{"0":{"type":"branch","line":9,"loc":{"start":{"line":9,"column":32},"end":{"line":22,"column":1}},"locations":[{"start":{"line":9,"column":32},"end":{"line":22,"column":1}}]},"1":{"type":"branch","line":12,"loc":{"start":{"line":12,"column":22},"end":{"line":15,"column":3}},"locations":[{"start":{"line":12,"column":22},"end":{"line":15,"column":3}}]}},"b":{"0":[5],"1":[2]},"fnMap":{"0":{"name":"Modal","decl":{"start":{"line":9,"column":32},"end":{"line":22,"column":1}},"loc":{"start":{"line":9,"column":32},"end":{"line":22,"column":1}},"line":9},"1":{"name":"handleClose","decl":{"start":{"line":12,"column":22},"end":{"line":15,"column":3}},"loc":{"start":{"line":12,"column":22},"end":{"line":15,"column":3}},"line":12}},"f":{"0":5,"1":2}}
,"/Users/pedrohenrique/projetos/react-simple-dialogs/src/components/dialogs/prompt.tsx": {"path":"/Users/pedrohenrique/projetos/react-simple-dialogs/src/components/dialogs/prompt.tsx","all":false,"statementMap":{"0":{"start":{"line":1,"column":0},"end":{"line":1,"column":36}},"1":{"start":{"line":2,"column":0},"end":{"line":2,"column":30}},"2":{"start":{"line":3,"column":0},"end":{"line":3,"column":34}},"3":{"start":{"line":4,"column":0},"end":{"line":4,"column":32}},"4":{"start":{"line":5,"column":0},"end":{"line":5,"column":0}},"5":{"start":{"line":6,"column":0},"end":{"line":6,"column":40}},"6":{"start":{"line":7,"column":0},"end":{"line":7,"column":0}},"7":{"start":{"line":8,"column":0},"end":{"line":8,"column":14}},"8":{"start":{"line":9,"column":0},"end":{"line":9,"column":17}},"9":{"start":{"line":10,"column":0},"end":{"line":10,"column":16}},"10":{"start":{"line":11,"column":0},"end":{"line":11,"column":21}},"11":{"start":{"line":12,"column":0},"end":{"line":12,"column":22}},"12":{"start":{"line":13,"column":0},"end":{"line":13,"column":20}},"13":{"start":{"line":14,"column":0},"end":{"line":14,"column":41}},"14":{"start":{"line":15,"column":0},"end":{"line":15,"column":1}},"15":{"start":{"line":16,"column":0},"end":{"line":16,"column":0}},"16":{"start":{"line":17,"column":0},"end":{"line":17,"column":106}},"17":{"start":{"line":18,"column":0},"end":{"line":18,"column":40}},"18":{"start":{"line":19,"column":0},"end":{"line":19,"column":56}},"19":{"start":{"line":20,"column":0},"end":{"line":20,"column":0}},"20":{"start":{"line":21,"column":0},"end":{"line":21,"column":31}},"21":{"start":{"line":22,"column":0},"end":{"line":22,"column":19}},"22":{"start":{"line":23,"column":0},"end":{"line":23,"column":18}},"23":{"start":{"line":24,"column":0},"end":{"line":24,"column":3}},"24":{"start":{"line":25,"column":0},"end":{"line":25,"column":0}},"25":{"start":{"line":26,"column":0},"end":{"line":26,"column":30}},"26":{"start":{"line":27,"column":0},"end":{"line":27,"column":17}},"27":{"start":{"line":28,"column":0},"end":{"line":28,"column":19}},"28":{"start":{"line":29,"column":0},"end":{"line":29,"column":18}},"29":{"start":{"line":30,"column":0},"end":{"line":30,"column":3}},"30":{"start":{"line":31,"column":0},"end":{"line":31,"column":0}},"31":{"start":{"line":32,"column":0},"end":{"line":32,"column":72}},"32":{"start":{"line":33,"column":0},"end":{"line":33,"column":35}},"33":{"start":{"line":34,"column":0},"end":{"line":34,"column":34}},"34":{"start":{"line":35,"column":0},"end":{"line":35,"column":3}},"35":{"start":{"line":36,"column":0},"end":{"line":36,"column":0}},"36":{"start":{"line":37,"column":0},"end":{"line":37,"column":10}},"37":{"start":{"line":38,"column":0},"end":{"line":38,"column":52}},"38":{"start":{"line":39,"column":0},"end":{"line":39,"column":66}},"39":{"start":{"line":40,"column":0},"end":{"line":40,"column":86}},"40":{"start":{"line":41,"column":0},"end":{"line":41,"column":70}},"41":{"start":{"line":42,"column":0},"end":{"line":42,"column":12}},"42":{"start":{"line":43,"column":0},"end":{"line":43,"column":0}},"43":{"start":{"line":44,"column":0},"end":{"line":44,"column":34}},"44":{"start":{"line":45,"column":0},"end":{"line":45,"column":99}},"45":{"start":{"line":46,"column":0},"end":{"line":46,"column":12}},"46":{"start":{"line":47,"column":0},"end":{"line":47,"column":0}},"47":{"start":{"line":48,"column":0},"end":{"line":48,"column":65}},"48":{"start":{"line":49,"column":0},"end":{"line":49,"column":0}},"49":{"start":{"line":50,"column":0},"end":{"line":50,"column":42}},"50":{"start":{"line":51,"column":0},"end":{"line":51,"column":71}},"51":{"start":{"line":52,"column":0},"end":{"line":52,"column":0}},"52":{"start":{"line":53,"column":0},"end":{"line":53,"column":62}},"53":{"start":{"line":54,"column":0},"end":{"line":54,"column":23}},"54":{"start":{"line":55,"column":0},"end":{"line":55,"column":17}},"55":{"start":{"line":56,"column":0},"end":{"line":56,"column":12}},"56":{"start":{"line":57,"column":0},"end":{"line":57,"column":11}},"57":{"start":{"line":58,"column":0},"end":{"line":58,"column":3}},"58":{"start":{"line":59,"column":0},"end":{"line":59,"column":1}}},"s":{"0":1,"1":1,"2":1,"3":1,"4":1,"5":1,"6":1,"7":1,"8":1,"9":1,"10":1,"11":1,"12":1,"13":1,"14":1,"15":1,"16":1,"17":12,"18":12,"19":12,"20":12,"21":2,"22":2,"23":2,"24":12,"25":12,"26":2,"27":2,"28":2,"29":2,"30":12,"31":12,"32":2,"33":2,"34":2,"35":12,"36":12,"37":12,"38":12,"39":12,"40":12,"41":12,"42":12,"43":12,"44":12,"45":12,"46":12,"47":12,"48":12,"49":12,"50":12,"51":12,"52":12,"53":12,"54":12,"55":12,"56":12,"57":12,"58":12},"branchMap":{"0":{"type":"branch","line":17,"loc":{"start":{"line":17,"column":33},"end":{"line":59,"column":1}},"locations":[{"start":{"line":17,"column":33},"end":{"line":59,"column":1}}]},"1":{"type":"branch","line":21,"loc":{"start":{"line":21,"column":24},"end":{"line":24,"column":3}},"locations":[{"start":{"line":21,"column":24},"end":{"line":24,"column":3}}]},"2":{"type":"branch","line":26,"loc":{"start":{"line":26,"column":23},"end":{"line":30,"column":3}},"locations":[{"start":{"line":26,"column":23},"end":{"line":30,"column":3}}]},"3":{"type":"branch","line":32,"loc":{"start":{"line":32,"column":23},"end":{"line":35,"column":3}},"locations":[{"start":{"line":32,"column":23},"end":{"line":35,"column":3}}]},"4":{"type":"branch","line":51,"loc":{"start":{"line":51,"column":25},"end":{"line":51,"column":49}},"locations":[{"start":{"line":51,"column":25},"end":{"line":51,"column":49}}]},"5":{"type":"branch","line":53,"loc":{"start":{"line":53,"column":25},"end":{"line":53,"column":47}},"locations":[{"start":{"line":53,"column":25},"end":{"line":53,"column":47}}]}},"b":{"0":[12],"1":[2],"2":[2],"3":[2],"4":[2],"5":[2]},"fnMap":{"0":{"name":"Prompt","decl":{"start":{"line":17,"column":33},"end":{"line":59,"column":1}},"loc":{"start":{"line":17,"column":33},"end":{"line":59,"column":1}},"line":17},"1":{"name":"handleConfirm","decl":{"start":{"line":21,"column":24},"end":{"line":24,"column":3}},"loc":{"start":{"line":21,"column":24},"end":{"line":24,"column":3}},"line":21},"2":{"name":"handleCancel","decl":{"start":{"line":26,"column":23},"end":{"line":30,"column":3}},"loc":{"start":{"line":26,"column":23},"end":{"line":30,"column":3}},"line":26},"3":{"name":"handleChange","decl":{"start":{"line":32,"column":23},"end":{"line":35,"column":3}},"loc":{"start":{"line":32,"column":23},"end":{"line":35,"column":3}},"line":32},"4":{"name":"onClick","decl":{"start":{"line":51,"column":25},"end":{"line":51,"column":49}},"loc":{"start":{"line":51,"column":25},"end":{"line":51,"column":49}},"line":51},"5":{"name":"onClick","decl":{"start":{"line":53,"column":25},"end":{"line":53,"column":47}},"loc":{"start":{"line":53,"column":25},"end":{"line":53,"column":47}},"line":53}},"f":{"0":12,"1":2,"2":2,"3":2,"4":2,"5":2}}
,"/Users/pedrohenrique/projetos/react-simple-dialogs/src/lib/simple-dialog-container.tsx": {"path":"/Users/pedrohenrique/projetos/react-simple-dialogs/src/lib/simple-dialog-container.tsx","all":false,"statementMap":{"0":{"start":{"line":1,"column":0},"end":{"line":1,"column":26}},"1":{"start":{"line":2,"column":0},"end":{"line":2,"column":39}},"2":{"start":{"line":3,"column":0},"end":{"line":3,"column":0}},"3":{"start":{"line":4,"column":0},"end":{"line":4,"column":49}},"4":{"start":{"line":5,"column":0},"end":{"line":5,"column":62}},"5":{"start":{"line":6,"column":0},"end":{"line":6,"column":23}},"6":{"start":{"line":7,"column":0},"end":{"line":7,"column":0}},"7":{"start":{"line":8,"column":0},"end":{"line":8,"column":29}},"8":{"start":{"line":9,"column":0},"end":{"line":9,"column":0}},"9":{"start":{"line":10,"column":0},"end":{"line":10,"column":14}},"10":{"start":{"line":11,"column":0},"end":{"line":11,"column":22}},"11":{"start":{"line":12,"column":0},"end":{"line":12,"column":27}},"12":{"start":{"line":13,"column":0},"end":{"line":13,"column":23}},"13":{"start":{"line":14,"column":0},"end":{"line":14,"column":1}},"14":{"start":{"line":15,"column":0},"end":{"line":15,"column":0}},"15":{"start":{"line":16,"column":0},"end":{"line":16,"column":50}},"16":{"start":{"line":17,"column":0},"end":{"line":17,"column":34}},"17":{"start":{"line":18,"column":0},"end":{"line":18,"column":39}},"18":{"start":{"line":19,"column":0},"end":{"line":19,"column":42}},"19":{"start":{"line":20,"column":0},"end":{"line":20,"column":7}},"20":{"start":{"line":21,"column":0},"end":{"line":21,"column":33}},"21":{"start":{"line":22,"column":0},"end":{"line":22,"column":46}},"22":{"start":{"line":23,"column":0},"end":{"line":23,"column":142}},"23":{"start":{"line":24,"column":0},"end":{"line":24,"column":14}},"24":{"start":{"line":25,"column":0},"end":{"line":25,"column":12}},"25":{"start":{"line":26,"column":0},"end":{"line":26,"column":78}},"26":{"start":{"line":27,"column":0},"end":{"line":27,"column":8}},"27":{"start":{"line":28,"column":0},"end":{"line":28,"column":1}}},"s":{"0":1,"1":1,"2":1,"3":1,"4":1,"5":1,"6":1,"7":1,"8":1,"9":1,"10":1,"11":1,"12":1,"13":1,"14":1,"15":1,"16":19,"17":19,"18":19,"19":19,"20":19,"21":19,"22":19,"23":19,"24":19,"25":19,"26":19,"27":1},"branchMap":{"0":{"type":"branch","line":16,"loc":{"start":{"line":16,"column":48},"end":{"line":27,"column":8}},"locations":[{"start":{"line":16,"column":48},"end":{"line":27,"column":8}}]}},"b":{"0":[19]},"fnMap":{"0":{"name":"SimpleDialogContainer","decl":{"start":{"line":16,"column":48},"end":{"line":27,"column":8}},"loc":{"start":{"line":16,"column":48},"end":{"line":27,"column":8}},"line":16}},"f":{"0":19}}
,"/Users/pedrohenrique/projetos/react-simple-dialogs/src/lib/utils.ts": {"path":"/Users/pedrohenrique/projetos/react-simple-dialogs/src/lib/utils.ts","all":false,"statementMap":{"0":{"start":{"line":1,"column":0},"end":{"line":1,"column":39}},"1":{"start":{"line":2,"column":0},"end":{"line":2,"column":0}},"2":{"start":{"line":3,"column":0},"end":{"line":3,"column":35}},"3":{"start":{"line":4,"column":0},"end":{"line":4,"column":70}},"4":{"start":{"line":5,"column":0},"end":{"line":5,"column":0}},"5":{"start":{"line":6,"column":0},"end":{"line":6,"column":19}},"6":{"start":{"line":7,"column":0},"end":{"line":7,"column":20}},"7":{"start":{"line":8,"column":0},"end":{"line":8,"column":145}},"8":{"start":{"line":9,"column":0},"end":{"line":9,"column":5}},"9":{"start":{"line":10,"column":0},"end":{"line":10,"column":3}},"10":{"start":{"line":11,"column":0},"end":{"line":11,"column":0}},"11":{"start":{"line":12,"column":0},"end":{"line":12,"column":18}},"12":{"start":{"line":13,"column":0},"end":{"line":13,"column":1}},"13":{"start":{"line":14,"column":0},"end":{"line":14,"column":0}},"14":{"start":{"line":15,"column":0},"end":{"line":15,"column":30}},"15":{"start":{"line":16,"column":0},"end":{"line":16,"column":44}},"16":{"start":{"line":17,"column":0},"end":{"line":17,"column":1}},"17":{"start":{"line":18,"column":0},"end":{"line":18,"column":0}},"18":{"start":{"line":19,"column":0},"end":{"line":19,"column":112}},"19":{"start":{"line":20,"column":0},"end":{"line":20,"column":10}},"20":{"start":{"line":21,"column":0},"end":{"line":21,"column":29}},"21":{"start":{"line":22,"column":0},"end":{"line":22,"column":9}},"22":{"start":{"line":23,"column":0},"end":{"line":23,"column":28}},"23":{"start":{"line":24,"column":0},"end":{"line":24,"column":25}},"24":{"start":{"line":25,"column":0},"end":{"line":25,"column":9}},"25":{"start":{"line":26,"column":0},"end":{"line":26,"column":9}},"26":{"start":{"line":27,"column":0},"end":{"line":27,"column":28}},"27":{"start":{"line":28,"column":0},"end":{"line":28,"column":19}},"28":{"start":{"line":29,"column":0},"end":{"line":29,"column":9}},"29":{"start":{"line":30,"column":0},"end":{"line":30,"column":8}},"30":{"start":{"line":31,"column":0},"end":{"line":31,"column":1}},"31":{"start":{"line":32,"column":0},"end":{"line":32,"column":0}},"32":{"start":{"line":33,"column":0},"end":{"line":33,"column":28}},"33":{"start":{"line":34,"column":0},"end":{"line":34,"column":10}},"34":{"start":{"line":35,"column":0},"end":{"line":35,"column":6}},"35":{"start":{"line":36,"column":0},"end":{"line":36,"column":21}},"36":{"start":{"line":37,"column":0},"end":{"line":37,"column":20}},"37":{"start":{"line":38,"column":0},"end":{"line":38,"column":10}}},"s":{"0":1,"1":1,"2":1,"3":18,"4":18,"5":18,"6":1,"7":1,"8":1,"9":1,"10":17,"11":17,"12":17,"13":1,"14":1,"15":16,"16":16,"17":1,"18":1,"19":16,"20":16,"21":12,"22":12,"23":12,"24":12,"25":4,"26":4,"27":4,"28":4,"29":16,"30":16,"31":1,"32":1,"33":1,"34":1,"35":1,"36":1,"37":1},"branchMap":{"0":{"type":"branch","line":3,"loc":{"start":{"line":3,"column":28},"end":{"line":13,"column":1}},"locations":[{"start":{"line":3,"column":28},"end":{"line":13,"column":1}}]},"1":{"type":"branch","line":6,"loc":{"start":{"line":6,"column":18},"end":{"line":13,"column":1}},"locations":[{"start":{"line":6,"column":18},"end":{"line":13,"column":1}}]},"2":{"type":"branch","line":6,"loc":{"start":{"line":6,"column":18},"end":{"line":10,"column":3}},"locations":[{"start":{"line":6,"column":18},"end":{"line":10,"column":3}}]},"3":{"type":"branch","line":15,"loc":{"start":{"line":15,"column":23},"end":{"line":17,"column":1}},"locations":[{"start":{"line":15,"column":23},"end":{"line":17,"column":1}}]},"4":{"type":"branch","line":19,"loc":{"start":{"line":19,"column":26},"end":{"line":31,"column":1}},"locations":[{"start":{"line":19,"column":26},"end":{"line":31,"column":1}}]},"5":{"type":"branch","line":21,"loc":{"start":{"line":21,"column":21},"end":{"line":25,"column":9}},"locations":[{"start":{"line":21,"column":21},"end":{"line":25,"column":9}}]},"6":{"type":"branch","line":25,"loc":{"start":{"line":25,"column":8},"end":{"line":29,"column":9}},"locations":[{"start":{"line":25,"column":8},"end":{"line":29,"column":9}}]}},"b":{"0":[18],"1":[17],"2":[1],"3":[16],"4":[16],"5":[12],"6":[4]},"fnMap":{"0":{"name":"getContainer","decl":{"start":{"line":3,"column":28},"end":{"line":13,"column":1}},"loc":{"start":{"line":3,"column":28},"end":{"line":13,"column":1}},"line":3},"1":{"name":"getRoot","decl":{"start":{"line":15,"column":23},"end":{"line":17,"column":1}},"loc":{"start":{"line":15,"column":23},"end":{"line":17,"column":1}},"line":15},"2":{"name":"getOptions","decl":{"start":{"line":19,"column":26},"end":{"line":31,"column":1}},"loc":{"start":{"line":19,"column":26},"end":{"line":31,"column":1}},"line":19}},"f":{"0":18,"1":16,"2":16}}
,"/Users/pedrohenrique/projetos/react-simple-dialogs/src/lib/dialogs/simple-alert.tsx": {"path":"/Users/pedrohenrique/projetos/react-simple-dialogs/src/lib/dialogs/simple-alert.tsx","all":false,"statementMap":{"0":{"start":{"line":1,"column":0},"end":{"line":1,"column":52}},"1":{"start":{"line":2,"column":0},"end":{"line":2,"column":59}},"2":{"start":{"line":3,"column":0},"end":{"line":3,"column":0}},"3":{"start":{"line":4,"column":0},"end":{"line":4,"column":38}},"4":{"start":{"line":5,"column":0},"end":{"line":5,"column":21}},"5":{"start":{"line":6,"column":0},"end":{"line":6,"column":2}},"6":{"start":{"line":7,"column":0},"end":{"line":7,"column":0}},"7":{"start":{"line":8,"column":0},"end":{"line":8,"column":51}},"8":{"start":{"line":9,"column":0},"end":{"line":9,"column":26}},"9":{"start":{"line":10,"column":0},"end":{"line":10,"column":24}},"10":{"start":{"line":11,"column":0},"end":{"line":11,"column":23}},"11":{"start":{"line":12,"column":0},"end":{"line":12,"column":3}},"12":{"start":{"line":13,"column":0},"end":{"line":13,"column":0}},"13":{"start":{"line":14,"column":0},"end":{"line":14,"column":51}},"14":{"start":{"line":15,"column":0},"end":{"line":15,"column":0}},"15":{"start":{"line":16,"column":0},"end":{"line":16,"column":24}},"16":{"start":{"line":17,"column":0},"end":{"line":17,"column":0}},"17":{"start":{"line":18,"column":0},"end":{"line":18,"column":39}},"18":{"start":{"line":19,"column":0},"end":{"line":19,"column":27}},"19":{"start":{"line":20,"column":0},"end":{"line":20,"column":20}},"20":{"start":{"line":21,"column":0},"end":{"line":21,"column":15}},"21":{"start":{"line":22,"column":0},"end":{"line":22,"column":5}},"22":{"start":{"line":23,"column":0},"end":{"line":23,"column":0}},"23":{"start":{"line":24,"column":0},"end":{"line":24,"column":57}},"24":{"start":{"line":25,"column":0},"end":{"line":25,"column":4}},"25":{"start":{"line":26,"column":0},"end":{"line":26,"column":1}}},"s":{"0":1,"1":1,"2":1,"3":1,"4":1,"5":1,"6":1,"7":1,"8":4,"9":4,"10":4,"11":4,"12":4,"13":4,"14":4,"15":4,"16":4,"17":4,"18":4,"19":1,"20":1,"21":1,"22":4,"23":4,"24":4,"25":4},"branchMap":{"0":{"type":"branch","line":8,"loc":{"start":{"line":8,"column":27},"end":{"line":26,"column":1}},"locations":[{"start":{"line":8,"column":27},"end":{"line":26,"column":1}}]},"1":{"type":"branch","line":18,"loc":{"start":{"line":18,"column":27},"end":{"line":25,"column":3}},"locations":[{"start":{"line":18,"column":27},"end":{"line":25,"column":3}}]},"2":{"type":"branch","line":19,"loc":{"start":{"line":19,"column":20},"end":{"line":22,"column":5}},"locations":[{"start":{"line":19,"column":20},"end":{"line":22,"column":5}}]}},"b":{"0":[4],"1":[4],"2":[1]},"fnMap":{"0":{"name":"simpleAlert","decl":{"start":{"line":8,"column":27},"end":{"line":26,"column":1}},"loc":{"start":{"line":8,"column":27},"end":{"line":26,"column":1}},"line":8},"1":{"name":"onClose","decl":{"start":{"line":19,"column":20},"end":{"line":22,"column":5}},"loc":{"start":{"line":19,"column":20},"end":{"line":22,"column":5}},"line":19}},"f":{"0":4,"1":1}}
,"/Users/pedrohenrique/projetos/react-simple-dialogs/src/lib/dialogs/simple-confirm.tsx": {"path":"/Users/pedrohenrique/projetos/react-simple-dialogs/src/lib/dialogs/simple-confirm.tsx","all":false,"statementMap":{"0":{"start":{"line":1,"column":0},"end":{"line":1,"column":66}},"1":{"start":{"line":2,"column":0},"end":{"line":2,"column":59}},"2":{"start":{"line":3,"column":0},"end":{"line":3,"column":0}},"3":{"start":{"line":4,"column":0},"end":{"line":4,"column":40}},"4":{"start":{"line":5,"column":0},"end":{"line":5,"column":22}},"5":{"start":{"line":6,"column":0},"end":{"line":6,"column":23}},"6":{"start":{"line":7,"column":0},"end":{"line":7,"column":2}},"7":{"start":{"line":8,"column":0},"end":{"line":8,"column":0}},"8":{"start":{"line":9,"column":0},"end":{"line":9,"column":55}},"9":{"start":{"line":10,"column":0},"end":{"line":10,"column":26}},"10":{"start":{"line":11,"column":0},"end":{"line":11,"column":26}},"11":{"start":{"line":12,"column":0},"end":{"line":12,"column":28}},"12":{"start":{"line":13,"column":0},"end":{"line":13,"column":23}},"13":{"start":{"line":14,"column":0},"end":{"line":14,"column":3}},"14":{"start":{"line":15,"column":0},"end":{"line":15,"column":0}},"15":{"start":{"line":16,"column":0},"end":{"line":16,"column":51}},"16":{"start":{"line":17,"column":0},"end":{"line":17,"column":0}},"17":{"start":{"line":18,"column":0},"end":{"line":18,"column":24}},"18":{"start":{"line":19,"column":0},"end":{"line":19,"column":0}},"19":{"start":{"line":20,"column":0},"end":{"line":20,"column":42}},"20":{"start":{"line":21,"column":0},"end":{"line":21,"column":41}},"21":{"start":{"line":22,"column":0},"end":{"line":22,"column":20}},"22":{"start":{"line":23,"column":0},"end":{"line":23,"column":20}},"23":{"start":{"line":24,"column":0},"end":{"line":24,"column":5}},"24":{"start":{"line":25,"column":0},"end":{"line":25,"column":0}},"25":{"start":{"line":26,"column":0},"end":{"line":26,"column":64}},"26":{"start":{"line":27,"column":0},"end":{"line":27,"column":4}},"27":{"start":{"line":28,"column":0},"end":{"line":28,"column":1}}},"s":{"0":1,"1":1,"2":1,"3":1,"4":1,"5":1,"6":1,"7":1,"8":1,"9":5,"10":5,"11":5,"12":5,"13":5,"14":5,"15":5,"16":5,"17":5,"18":5,"19":5,"20":5,"21":2,"22":2,"23":2,"24":5,"25":5,"26":5,"27":5},"branchMap":{"0":{"type":"branch","line":9,"loc":{"start":{"line":9,"column":29},"end":{"line":28,"column":1}},"locations":[{"start":{"line":9,"column":29},"end":{"line":28,"column":1}}]},"1":{"type":"branch","line":20,"loc":{"start":{"line":20,"column":30},"end":{"line":27,"column":3}},"locations":[{"start":{"line":20,"column":30},"end":{"line":27,"column":3}}]},"2":{"type":"branch","line":21,"loc":{"start":{"line":21,"column":20},"end":{"line":24,"column":5}},"locations":[{"start":{"line":21,"column":20},"end":{"line":24,"column":5}}]}},"b":{"0":[5],"1":[5],"2":[2]},"fnMap":{"0":{"name":"simpleConfirm","decl":{"start":{"line":9,"column":29},"end":{"line":28,"column":1}},"loc":{"start":{"line":9,"column":29},"end":{"line":28,"column":1}},"line":9},"1":{"name":"onClose","decl":{"start":{"line":21,"column":20},"end":{"line":24,"column":5}},"loc":{"start":{"line":21,"column":20},"end":{"line":24,"column":5}},"line":21}},"f":{"0":5,"1":2}}
,"/Users/pedrohenrique/projetos/react-simple-dialogs/src/lib/dialogs/simple-modal.tsx": {"path":"/Users/pedrohenrique/projetos/react-simple-dialogs/src/lib/dialogs/simple-modal.tsx","all":false,"statementMap":{"0":{"start":{"line":1,"column":0},"end":{"line":1,"column":41}},"1":{"start":{"line":2,"column":0},"end":{"line":2,"column":52}},"2":{"start":{"line":3,"column":0},"end":{"line":3,"column":34}},"3":{"start":{"line":4,"column":0},"end":{"line":4,"column":0}},"4":{"start":{"line":5,"column":0},"end":{"line":5,"column":87}},"5":{"start":{"line":6,"column":0},"end":{"line":6,"column":24}},"6":{"start":{"line":7,"column":0},"end":{"line":7,"column":0}},"7":{"start":{"line":8,"column":0},"end":{"line":8,"column":39}},"8":{"start":{"line":9,"column":0},"end":{"line":9,"column":27}},"9":{"start":{"line":10,"column":0},"end":{"line":10,"column":20}},"10":{"start":{"line":11,"column":0},"end":{"line":11,"column":15}},"11":{"start":{"line":12,"column":0},"end":{"line":12,"column":5}},"12":{"start":{"line":13,"column":0},"end":{"line":13,"column":0}},"13":{"start":{"line":14,"column":0},"end":{"line":14,"column":70}},"14":{"start":{"line":15,"column":0},"end":{"line":15,"column":4}},"15":{"start":{"line":16,"column":0},"end":{"line":16,"column":1}}},"s":{"0":1,"1":1,"2":1,"3":1,"4":1,"5":2,"6":2,"7":2,"8":2,"9":1,"10":1,"11":1,"12":2,"13":2,"14":2,"15":2},"branchMap":{"0":{"type":"branch","line":5,"loc":{"start":{"line":5,"column":27},"end":{"line":16,"column":1}},"locations":[{"start":{"line":5,"column":27},"end":{"line":16,"column":1}}]},"1":{"type":"branch","line":8,"loc":{"start":{"line":8,"column":27},"end":{"line":15,"column":3}},"locations":[{"start":{"line":8,"column":27},"end":{"line":15,"column":3}}]},"2":{"type":"branch","line":9,"loc":{"start":{"line":9,"column":20},"end":{"line":12,"column":5}},"locations":[{"start":{"line":9,"column":20},"end":{"line":12,"column":5}}]}},"b":{"0":[2],"1":[2],"2":[1]},"fnMap":{"0":{"name":"simpleModal","decl":{"start":{"line":5,"column":27},"end":{"line":16,"column":1}},"loc":{"start":{"line":5,"column":27},"end":{"line":16,"column":1}},"line":5},"1":{"name":"onClose","decl":{"start":{"line":9,"column":20},"end":{"line":12,"column":5}},"loc":{"start":{"line":9,"column":20},"end":{"line":12,"column":5}},"line":9}},"f":{"0":2,"1":1}}
,"/Users/pedrohenrique/projetos/react-simple-dialogs/src/lib/dialogs/simple-prompt.tsx": {"path":"/Users/pedrohenrique/projetos/react-simple-dialogs/src/lib/dialogs/simple-prompt.tsx","all":false,"statementMap":{"0":{"start":{"line":1,"column":0},"end":{"line":1,"column":68}},"1":{"start":{"line":2,"column":0},"end":{"line":2,"column":59}},"2":{"start":{"line":3,"column":0},"end":{"line":3,"column":0}},"3":{"start":{"line":4,"column":0},"end":{"line":4,"column":39}},"4":{"start":{"line":5,"column":0},"end":{"line":5,"column":22}},"5":{"start":{"line":6,"column":0},"end":{"line":6,"column":23}},"6":{"start":{"line":7,"column":0},"end":{"line":7,"column":21}},"7":{"start":{"line":8,"column":0},"end":{"line":8,"column":2}},"8":{"start":{"line":9,"column":0},"end":{"line":9,"column":0}},"9":{"start":{"line":10,"column":0},"end":{"line":10,"column":53}},"10":{"start":{"line":11,"column":0},"end":{"line":11,"column":26}},"11":{"start":{"line":12,"column":0},"end":{"line":12,"column":26}},"12":{"start":{"line":13,"column":0},"end":{"line":13,"column":28}},"13":{"start":{"line":14,"column":0},"end":{"line":14,"column":24}},"14":{"start":{"line":15,"column":0},"end":{"line":15,"column":23}},"15":{"start":{"line":16,"column":0},"end":{"line":16,"column":34}},"16":{"start":{"line":17,"column":0},"end":{"line":17,"column":0}},"17":{"start":{"line":18,"column":0},"end":{"line":18,"column":51}},"18":{"start":{"line":19,"column":0},"end":{"line":19,"column":0}},"19":{"start":{"line":20,"column":0},"end":{"line":20,"column":24}},"20":{"start":{"line":21,"column":0},"end":{"line":21,"column":0}},"21":{"start":{"line":22,"column":0},"end":{"line":22,"column":47}},"22":{"start":{"line":23,"column":0},"end":{"line":23,"column":46}},"23":{"start":{"line":24,"column":0},"end":{"line":24,"column":20}},"24":{"start":{"line":25,"column":0},"end":{"line":25,"column":20}},"25":{"start":{"line":26,"column":0},"end":{"line":26,"column":5}},"26":{"start":{"line":27,"column":0},"end":{"line":27,"column":0}},"27":{"start":{"line":28,"column":0},"end":{"line":28,"column":58}},"28":{"start":{"line":29,"column":0},"end":{"line":29,"column":4}},"29":{"start":{"line":30,"column":0},"end":{"line":30,"column":1}}},"s":{"0":1,"1":1,"2":1,"3":1,"4":1,"5":1,"6":1,"7":1,"8":1,"9":1,"10":5,"11":5,"12":5,"13":5,"14":5,"15":5,"16":5,"17":5,"18":5,"19":5,"20":5,"21":5,"22":5,"23":2,"24":2,"25":2,"26":5,"27":5,"28":5,"29":5},"branchMap":{"0":{"type":"branch","line":10,"loc":{"start":{"line":10,"column":28},"end":{"line":30,"column":1}},"locations":[{"start":{"line":10,"column":28},"end":{"line":30,"column":1}}]},"1":{"type":"branch","line":22,"loc":{"start":{"line":22,"column":35},"end":{"line":29,"column":3}},"locations":[{"start":{"line":22,"column":35},"end":{"line":29,"column":3}}]},"2":{"type":"branch","line":23,"loc":{"start":{"line":23,"column":20},"end":{"line":26,"column":5}},"locations":[{"start":{"line":23,"column":20},"end":{"line":26,"column":5}}]}},"b":{"0":[5],"1":[5],"2":[2]},"fnMap":{"0":{"name":"simplePrompt","decl":{"start":{"line":10,"column":28},"end":{"line":30,"column":1}},"loc":{"start":{"line":10,"column":28},"end":{"line":30,"column":1}},"line":10},"1":{"name":"onClose","decl":{"start":{"line":23,"column":20},"end":{"line":26,"column":5}},"loc":{"start":{"line":23,"column":20},"end":{"line":26,"column":5}},"line":23}},"f":{"0":5,"1":2}}
}
